2019-01-23 14:09:40,067 [INFO] (MainThread)  #################### FLASK SMS SERVER STARTED  ####################
2019-01-23 14:09:40,187 [INFO] (MainThread)   * Restarting with stat
2019-01-23 14:09:40,508 [INFO] (MainThread)  #################### FLASK SMS SERVER STARTED  ####################
2019-01-23 14:09:40,626 [WARNING] (MainThread)   * Debugger is active!
2019-01-23 14:09:40,631 [INFO] (MainThread)   * Debugger PIN: 191-751-935
2019-01-23 14:09:40,639 [INFO] (Thread-1)   * Running on http://0.0.0.0:10001/ (Press CTRL+C to quit)
2019-01-23 14:09:47,454 [INFO] (Thread-2)  Incoming MSG from: +16788272762
2019-01-23 14:09:47,454 [INFO] (Thread-2)  Incoming MSG content: BioTechBreakouts: Peter's Action Alert Bought BPMX at $0.116 for an overnight swing trade Txt STOP to OptOut
2019-01-23 14:09:47,454 [INFO] (Thread-2)  No Bad Words in Message
2019-01-23 14:09:47,456 [INFO] (Thread-2)  Parsed: ('BPMX', ['0.116'])

2019-01-23 14:09:47,459 [DEBUG] (Thread-2)  Starting new HTTPS connection (1): api.robinhood.com:443
2019-01-23 14:09:47,935 [DEBUG] (Thread-2)  https://api.robinhood.com:443 "POST /oauth2/token/ HTTP/1.1" 200 722
2019-01-23 14:09:47,936 [INFO] (Thread-2)  ROBINHOOD LOGIN OK
2019-01-23 14:09:47,936 [INFO] (Thread-2)  Robinhood Token: eyJ0eXAiOiJKV1QiLCJhbGciOiJSUzI1NiJ9.eyJleHAiOjE1NDgzNTY5ODgsInRva2VuIjoiQUdCSG1kT0k0WFRYemR6M3BDQXVsU254dW1zaDRVIiwidXNlcl9pZCI6IjQwMjEzZGNkLWM4ODUtNGQ1NC05NjNkLTRlNTljNDljNjA2MyIsIm9wdGlvbnMiOmZhbHNlfQ.t6yHD8NypzPNc03H-losQAMBZJzXNOIND1wXGG711LsYIcD8LWDBntLvTT-iy81FmrMrMknAyKqSF-njYeaKZclgT_igalN4DomPpSN7A3IQj8ewm69-sqNOjNcCTDQrNBvJXeBjdG92dwyDrEJO9snVyQ_82C8qkt3t5fCjq7TUgG544_zcK4oOJXlCQ1ef238EN5pKI1nPsQj1GUtOziFm0CnJSLkwMsAkh_n_O6B9KdMU7GTr-Bh0gNq_ZvnRIdK8rlcKSeY1z7DoEyy2gOiwpzIEmVDrpRahxR5FltZb5jKp46JPWP0HXKCZOLOlwO_ORGv2sKle467OlVmMcg
2019-01-23 14:09:47,937 [DEBUG] (Thread-2)  Starting new HTTPS connection (1): api.robinhood.com:443
2019-01-23 14:09:48,053 [DEBUG] (Thread-2)  https://api.robinhood.com:443 "GET /quotes/?symbols=BPMX HTTP/1.1" 200 295
2019-01-23 14:09:48,055 [INFO] (Thread-2)  {'ask_price': '0.110000', 'ask_size': 10600, 'bid_price': '0.109900', 'bid_size': 200, 'last_trade_price': '0.110000', 'last_extended_hours_trade_price': None, 'previous_close': '0.110500', 'adjusted_previous_close': '0.110500', 'previous_close_date': '2019-01-22', 'symbol': 'BPMX', 'trading_halted': False, 'has_traded': True, 'last_trade_price_source': 'nls', 'updated_at': '2019-01-23T19:08:28Z', 'instrument': 'https://api.robinhood.com/instruments/d4343b04-5522-4ff6-a892-4fc97dc61b68/'}
2019-01-23 14:09:48,055 [INFO] (Thread-2)  Current Bid Price: 0.109900
2019-01-23 14:09:48,055 [INFO] (Thread-2)  Instrument: https://api.robinhood.com/instruments/d4343b04-5522-4ff6-a892-4fc97dc61b68/
2019-01-23 14:09:48,056 [DEBUG] (Thread-2)  Starting new HTTPS connection (1): api.robinhood.com:443
2019-01-23 14:09:48,195 [DEBUG] (Thread-2)  https://api.robinhood.com:443 "GET /accounts/ HTTP/1.1" 200 2079
2019-01-23 14:09:48,196 [INFO] (Thread-2)  {'rhs_account_number': 858649452, 'deactivated': False, 'updated_at': '2018-12-13T00:44:08.761282Z', 'margin_balances': {'updated_at': '2019-01-23T19:04:17.678344Z', 'gold_equity_requirement': '0.0000', 'outstanding_interest': '0.0000', 'cash_held_for_options_collateral': '0.0000', 'uncleared_nummus_deposits': '0.0000', 'overnight_ratio': '1.00', 'day_trade_buying_power': '3.6899', 'cash_available_for_withdrawal': '3.6899', 'sma': '3.6919', 'cash_held_for_nummus_restrictions': '0.0000', 'marked_pattern_day_trader_date': None, 'unallocated_margin_cash': '3.6899', 'start_of_day_dtbp': '4.8644', 'overnight_buying_power_held_for_orders': '0.6501', 'day_trade_ratio': '0.25', 'cash_held_for_orders': '0.6501', 'unsettled_debit': '0.1100', 'created_at': '2018-12-13T00:44:08.763706Z', 'cash_held_for_dividends': '0.0000', 'cash': '4.3400', 'start_of_day_overnight_buying_power': '4.4500', 'margin_limit': '0.0000', 'overnight_buying_power': '3.6899', 'uncleared_deposits': '0.0000', 'unsettled_funds': '0.0000', 'day_trade_buying_power_held_for_orders': '0.1626'}, 'portfolio': 'https://api.robinhood.com/accounts/858649452/portfolio/', 'cash_balances': None, 'can_downgrade_to_cash': 'https://api.robinhood.com/accounts/858649452/can_downgrade_to_cash/', 'withdrawal_halted': False, 'cash_available_for_withdrawal': '3.6899', 'state': 'active', 'type': 'margin', 'sma': '3.6899', 'sweep_enabled': False, 'deposit_halted': False, 'buying_power': '3.6899', 'user': 'https://api.robinhood.com/user/', 'max_ach_early_access_amount': '1000.00', 'option_level': None, 'instant_eligibility': {'updated_at': None, 'reason': '', 'reinstatement_date': None, 'reversal': None, 'state': 'ok'}, 'cash_held_for_orders': '0.6501', 'only_position_closing_trades': False, 'url': 'https://api.robinhood.com/accounts/858649452/', 'positions': 'https://api.robinhood.com/accounts/858649452/positions/', 'created_at': '2018-12-13T00:44:08.761262Z', 'cash': '4.3400', 'sma_held_for_orders': '0.6501', 'unsettled_debit': '0.1100', 'account_number': '858649452', 'is_pinnacle_account': True, 'uncleared_deposits': '0.0000', 'unsettled_funds': '0.0000'}
2019-01-23 14:09:48,196 [INFO] (Thread-2)  ORDER-PROCESSOR: token=eyJ0eXAiOiJKV1QiLCJhbGciOiJSUzI1NiJ9.eyJleHAiOjE1NDgzNTY5ODgsInRva2VuIjoiQUdCSG1kT0k0WFRYemR6M3BDQXVsU254dW1zaDRVIiwidXNlcl9pZCI6IjQwMjEzZGNkLWM4ODUtNGQ1NC05NjNkLTRlNTljNDljNjA2MyIsIm9wdGlvbnMiOmZhbHNlfQ.t6yHD8NypzPNc03H-losQAMBZJzXNOIND1wXGG711LsYIcD8LWDBntLvTT-iy81FmrMrMknAyKqSF-njYeaKZclgT_igalN4DomPpSN7A3IQj8ewm69-sqNOjNcCTDQrNBvJXeBjdG92dwyDrEJO9snVyQ_82C8qkt3t5fCjq7TUgG544_zcK4oOJXlCQ1ef238EN5pKI1nPsQj1GUtOziFm0CnJSLkwMsAkh_n_O6B9KdMU7GTr-Bh0gNq_ZvnRIdK8rlcKSeY1z7DoEyy2gOiwpzIEmVDrpRahxR5FltZb5jKp46JPWP0HXKCZOLOlwO_ORGv2sKle467OlVmMcg
2019-01-23 14:09:48,196 [INFO] (Thread-2)  ORDER-PROCESSOR: symbol=BPMX
2019-01-23 14:09:48,196 [INFO] (Thread-2)  ORDER-PROCESSOR: instrument=https://api.robinhood.com/instruments/d4343b04-5522-4ff6-a892-4fc97dc61b68/
2019-01-23 14:09:48,196 [INFO] (Thread-2)  ORDER-PROCESSOR: message_price=['0.116']
2019-01-23 14:09:48,196 [INFO] (Thread-2)  ORDER-PROCESSOR: quote_price=0.109900
2019-01-23 14:09:48,196 [INFO] (Thread-2)  ORDER-PROCESSOR: buying_power=3.6899
2019-01-23 14:09:48,197 [INFO] (Thread-2)  ORDER-PROCESSOR: account=https://api.robinhood.com/accounts/858649452/
2019-01-23 14:09:48,197 [INFO] (Thread-2)  ORDER-PROCESSOR: Final Price Parsed from Message: 0.116
2019-01-23 14:09:48,197 [INFO] (Thread-2)  Difference between Bid and Message Price: -5.550500454959064
2019-01-23 14:09:48,197 [INFO] (Thread-2)  Buying Power: 3.6899
2019-01-23 14:09:48,197 [INFO] (Thread-2)  Shares to Buy: 3
2019-01-23 14:09:48,197 [INFO] (Thread-2)  https://api.robinhood.com/accounts/858649452/
2019-01-23 14:09:48,197 [INFO] (Thread-2)  https://api.robinhood.com/instruments/d4343b04-5522-4ff6-a892-4fc97dc61b68/
2019-01-23 14:09:48,197 [INFO] (Thread-2)  BPMX
2019-01-23 14:09:48,197 [INFO] (Thread-2)  0.109900
2019-01-23 14:09:48,197 [INFO] (Thread-2)  3
2019-01-23 14:09:48,197 [INFO] (Thread-2)  {'account': 'https://api.robinhood.com/accounts/858649452/', 'symbol': 'BPMX', 'instrument': 'https://api.robinhood.com/instruments/d4343b04-5522-4ff6-a892-4fc97dc61b68/', 'price': '0.109900', 'quantity': '3', 'side': 'buy', 'time_in_force': 'gfd', 'trigger': 'immediate', 'type': 'market'}
2019-01-23 14:09:48,197 [INFO] (Thread-2)  {'Accept': '*/*', 'Accept-Encoding': 'gzip, deflate', 'Accept-Language': 'en;q=1, fr;q=0.9, de;q=0.8, ja;q=0.7, nl;q=0.6, it;q=0.5', 'Authorization': 'Bearer eyJ0eXAiOiJKV1QiLCJhbGciOiJSUzI1NiJ9.eyJleHAiOjE1NDgzNTY5ODgsInRva2VuIjoiQUdCSG1kT0k0WFRYemR6M3BDQXVsU254dW1zaDRVIiwidXNlcl9pZCI6IjQwMjEzZGNkLWM4ODUtNGQ1NC05NjNkLTRlNTljNDljNjA2MyIsIm9wdGlvbnMiOmZhbHNlfQ.t6yHD8NypzPNc03H-losQAMBZJzXNOIND1wXGG711LsYIcD8LWDBntLvTT-iy81FmrMrMknAyKqSF-njYeaKZclgT_igalN4DomPpSN7A3IQj8ewm69-sqNOjNcCTDQrNBvJXeBjdG92dwyDrEJO9snVyQ_82C8qkt3t5fCjq7TUgG544_zcK4oOJXlCQ1ef238EN5pKI1nPsQj1GUtOziFm0CnJSLkwMsAkh_n_O6B9KdMU7GTr-Bh0gNq_ZvnRIdK8rlcKSeY1z7DoEyy2gOiwpzIEmVDrpRahxR5FltZb5jKp46JPWP0HXKCZOLOlwO_ORGv2sKle467OlVmMcg', 'User-Agent': 'Robinhood/823 (iPhone; iOS 7.1.2; Scale/2.00)', 'Content-Type': 'application/x-www-form-urlencoded; charset=utf-8'}
2019-01-23 14:09:48,199 [DEBUG] (Thread-2)  Starting new HTTPS connection (1): api.robinhood.com:443
2019-01-23 14:09:48,595 [DEBUG] (Thread-2)  https://api.robinhood.com:443 "POST /orders/ HTTP/1.1" 201 1008
2019-01-23 14:09:48,596 [INFO] (Thread-2)  {"updated_at":"2019-01-23T19:09:48.672533Z","ref_id":null,"time_in_force":"gfd","fees":"0.00","cancel":"https:\/\/api.robinhood.com\/orders\/e5756077-3e8f-4e1b-8dc1-c67490a32562\/cancel\/","response_category":null,"id":"e5756077-3e8f-4e1b-8dc1-c67490a32562","cumulative_quantity":"0.00000","stop_price":null,"reject_reason":null,"instrument":"https:\/\/api.robinhood.com\/instruments\/d4343b04-5522-4ff6-a892-4fc97dc61b68\/","state":"unconfirmed","trigger":"immediate","override_dtbp_checks":false,"type":"market","last_transaction_at":"2019-01-23T19:09:48.660836Z","price":"0.10990000","executions":[],"extended_hours":false,"account":"https:\/\/api.robinhood.com\/accounts\/858649452\/","url":"https:\/\/api.robinhood.com\/orders\/e5756077-3e8f-4e1b-8dc1-c67490a32562\/","created_at":"2019-01-23T19:09:48.660836Z","side":"buy","override_day_trade_checks":false,"position":"https:\/\/api.robinhood.com\/positions\/858649452\/d4343b04-5522-4ff6-a892-4fc97dc61b68\/","average_price":null,"quantity":"3.00000"}
2019-01-23 14:09:48,596 [INFO] (Thread-2)  <bound method Response.json of <Response [201]>>
2019-01-23 14:09:48,596 [INFO] (Thread-2)  201
2019-01-23 14:09:48,596 [INFO] (Thread-2)  {'Date': 'Wed, 23 Jan 2019 19:09:48 GMT', 'Content-Type': 'application/json', 'Content-Length': '1008', 'Connection': 'keep-alive', 'Server': 'nginx', 'Content-Language': 'en-us', 'X-Robinhood-API-Version': '1.261.7', 'Vary': 'Accept-Language, Cookie', 'Location': 'https://api.robinhood.com/orders/e5756077-3e8f-4e1b-8dc1-c67490a32562/', 'Allow': 'GET, POST, HEAD, OPTIONS', 'Strict-Transport-Security': 'max-age=31536000', 'X-Content-Type-Options': 'nosniff', 'X-Frame-Options': 'SAMEORIGIN'}
2019-01-23 14:09:48,597 [INFO] (Thread-2)  b'{"updated_at":"2019-01-23T19:09:48.672533Z","ref_id":null,"time_in_force":"gfd","fees":"0.00","cancel":"https:\\/\\/api.robinhood.com\\/orders\\/e5756077-3e8f-4e1b-8dc1-c67490a32562\\/cancel\\/","response_category":null,"id":"e5756077-3e8f-4e1b-8dc1-c67490a32562","cumulative_quantity":"0.00000","stop_price":null,"reject_reason":null,"instrument":"https:\\/\\/api.robinhood.com\\/instruments\\/d4343b04-5522-4ff6-a892-4fc97dc61b68\\/","state":"unconfirmed","trigger":"immediate","override_dtbp_checks":false,"type":"market","last_transaction_at":"2019-01-23T19:09:48.660836Z","price":"0.10990000","executions":[],"extended_hours":false,"account":"https:\\/\\/api.robinhood.com\\/accounts\\/858649452\\/","url":"https:\\/\\/api.robinhood.com\\/orders\\/e5756077-3e8f-4e1b-8dc1-c67490a32562\\/","created_at":"2019-01-23T19:09:48.660836Z","side":"buy","override_day_trade_checks":false,"position":"https:\\/\\/api.robinhood.com\\/positions\\/858649452\\/d4343b04-5522-4ff6-a892-4fc97dc61b68\\/","average_price":null,"quantity":"3.00000"}'
2019-01-23 14:09:48,603 [INFO] (Thread-2)  54.144.25.148 - - [23/Jan/2019 14:09:48] "POST /sms HTTP/1.1" 500 -
2019-01-23 14:11:18,757 [INFO] (MainThread)   * Detected change in 'C:\\Users\\jcast\\PycharmProjects\\trading_automation\\robin_client.py', reloading
2019-01-23 14:11:18,812 [INFO] (MainThread)   * Restarting with stat
2019-01-23 14:11:19,136 [INFO] (MainThread)  #################### FLASK SMS SERVER STARTED  ####################
2019-01-23 14:11:19,262 [WARNING] (MainThread)   * Debugger is active!
2019-01-23 14:11:19,266 [INFO] (MainThread)   * Debugger PIN: 191-751-935
2019-01-23 14:11:19,273 [INFO] (Thread-1)   * Running on http://0.0.0.0:10001/ (Press CTRL+C to quit)
2019-01-23 14:36:55,680 [INFO] (MainThread)   * Detected change in 'C:\\Users\\jcast\\PycharmProjects\\trading_automation\\twilio_client.py', reloading
2019-01-23 14:36:55,731 [INFO] (MainThread)   * Restarting with stat
2019-01-23 14:36:56,073 [INFO] (MainThread)  #################### FLASK SMS SERVER STARTED  ####################
2019-01-23 14:36:56,195 [WARNING] (MainThread)   * Debugger is active!
2019-01-23 14:36:56,200 [INFO] (MainThread)   * Debugger PIN: 191-751-935
2019-01-23 14:36:56,207 [INFO] (Thread-1)   * Running on http://0.0.0.0:10001/ (Press CTRL+C to quit)
2019-01-23 14:58:36,499 [INFO] (MainThread)   * Detected change in 'C:\\Users\\jcast\\PycharmProjects\\trading_automation\\robin_client.py', reloading
2019-01-23 14:58:36,553 [INFO] (MainThread)   * Restarting with stat
2019-01-23 16:03:56,594 [INFO] (MainThread)  #################### FLASK SMS SERVER STARTED  ####################
2019-01-23 16:05:05,254 [INFO] (MainThread)  #################### FLASK SMS SERVER STARTED  ####################
2019-01-23 16:05:36,218 [INFO] (MainThread)  #################### FLASK SMS SERVER STARTED  ####################
2019-01-23 16:05:36,343 [INFO] (MainThread)   * Restarting with stat
2019-01-23 16:05:36,655 [INFO] (MainThread)  #################### FLASK SMS SERVER STARTED  ####################
2019-01-23 16:05:36,760 [WARNING] (MainThread)   * Debugger is active!
2019-01-23 16:05:36,764 [INFO] (MainThread)   * Debugger PIN: 191-751-935
2019-01-23 16:05:36,771 [INFO] (Thread-1)   * Running on http://0.0.0.0:10001/ (Press CTRL+C to quit)
2019-01-23 16:06:18,380 [INFO] (MainThread)  #################### FLASK SMS SERVER STARTED  ####################
2019-01-23 16:06:18,501 [INFO] (MainThread)   * Restarting with stat
2019-01-23 16:06:18,811 [INFO] (MainThread)  #################### FLASK SMS SERVER STARTED  ####################
2019-01-23 16:06:18,916 [WARNING] (MainThread)   * Debugger is active!
2019-01-23 16:06:18,920 [INFO] (MainThread)   * Debugger PIN: 191-751-935
2019-01-23 16:06:18,926 [INFO] (Thread-1)   * Running on http://0.0.0.0:10001/ (Press CTRL+C to quit)
2019-01-23 16:07:47,140 [INFO] (Thread-2)  Incoming MSG from: +16788272762
2019-01-23 16:07:47,140 [INFO] (Thread-2)  Incoming MSG content: BioTechBreakouts: Peter's Action Alert Bought BPMX at $0.116 for an overnight swing trade Txt STOP to OptOut
2019-01-23 16:07:47,140 [INFO] (Thread-2)  No Bad Words in Message
2019-01-23 16:07:47,143 [INFO] (Thread-2)  Parsed: ('BPMX', ['0.116'])
2019-01-23 16:07:47,148 [INFO] (Thread-2)  34.228.168.116 - - [23/Jan/2019 16:07:47] "POST /sms HTTP/1.1" 500 -
2019-01-23 16:10:07,818 [INFO] (MainThread)   * Detected change in 'C:\\Users\\jcast\\PycharmProjects\\trading_automation\\twilio_client.py', reloading
2019-01-23 16:10:07,865 [INFO] (MainThread)   * Restarting with stat
2019-01-23 16:10:08,193 [INFO] (MainThread)  #################### FLASK SMS SERVER STARTED  ####################
2019-01-23 16:10:08,311 [WARNING] (MainThread)   * Debugger is active!
2019-01-23 16:10:08,315 [INFO] (MainThread)   * Debugger PIN: 191-751-935
2019-01-23 16:10:08,322 [INFO] (Thread-1)   * Running on http://0.0.0.0:10001/ (Press CTRL+C to quit)
